<?xml version="1.0" encoding="UTF-8"?>
<!-- Generated by org.testng.reporters.JUnitXMLReporter -->
<testsuite ignored="0" hostname="LAPTOP-V8Q69O7J" failures="0" tests="3" name="Test" time="14.816" errors="0" timestamp="2025-01-12T16:01:51 IST">
  <testcase classname="base.PumperAutomation" name="shopify_website_page" time="3.141"/>
  <testcase classname="base.PumperAutomation" name="widget_offer_page" time="1.248"/>
  <testcase classname="base.PumperAutomation" name="pumper_widget_page" time="1.236"/>
</testsuite> <!-- Test -->
