<?xml version="1.0" encoding="UTF-8"?>
<!-- Generated by org.testng.reporters.JUnitXMLReporter -->
<testsuite ignored="0" hostname="LAPTOP-V8Q69O7J" failures="0" tests="3" name="Test" time="12.53" errors="0" timestamp="2025-01-12T11:15:42 IST">
  <testcase classname="base.PumperAutomation" name="shopify_website_page" time="2.509"/>
  <testcase classname="base.PumperAutomation" name="widget_offer_page" time="1.451"/>
  <testcase classname="base.PumperAutomation" name="pumper_widget_page" time="1.493"/>
</testsuite> <!-- Test -->
