<?xml version="1.0" encoding="UTF-8"?>
<testng-results ignored="0" total="3" passed="3" failed="0" skipped="0">
  <reporter-output>
    <line>
      <![CDATA[- On Test Start]]>
    </line>
    <line>
      <![CDATA[- Successfully Startup]]>
    </line>
    <line>
      <![CDATA[- On Test Start]]>
    </line>
    <line>
      <![CDATA[- Successfully Shopify Website Page Opened]]>
    </line>
    <line>
      <![CDATA[- On Test Success]]>
    </line>
    <line>
      <![CDATA[- On Test Start]]>
    </line>
    <line>
      <![CDATA[- Successfully Widget Offer Page Opened]]>
    </line>
    <line>
      <![CDATA[- On Test Success]]>
    </line>
    <line>
      <![CDATA[- On Test Start]]>
    </line>
    <line>
      <![CDATA[- Successfully Pumper Widget Page Validate]]>
    </line>
    <line>
      <![CDATA[- On Test Success]]>
    </line>
    <line>
      <![CDATA[- Successfully Tear Down]]>
    </line>
  </reporter-output>
  <suite started-at="2025-01-12T11:15:29 IST" name="Suite" finished-at="2025-01-12T11:15:41 IST" duration-ms="12530">
    <groups>
    </groups>
    <test started-at="2025-01-12T11:15:29 IST" name="Test" finished-at="2025-01-12T11:15:41 IST" duration-ms="12530">
      <class name="base.PumperAutomation">
        <test-method is-config="true" signature="open_browser()[pri:0, instance:base.PumperAutomation@3cebbb30]" started-at="2025-01-12T11:15:29 IST" name="open_browser" finished-at="2025-01-12T11:15:35 IST" duration-ms="5705" status="PASS">
          <reporter-output>
            <line>
              <![CDATA[- Successfully Startup]]>
            </line>
          </reporter-output>
        </test-method> <!-- open_browser -->
        <test-method signature="shopify_website_page()[pri:1, instance:base.PumperAutomation@3cebbb30]" started-at="2025-01-12T11:15:35 IST" name="shopify_website_page" finished-at="2025-01-12T11:15:37 IST" duration-ms="2509" status="PASS">
          <reporter-output>
            <line>
              <![CDATA[- On Test Start]]>
            </line>
            <line>
              <![CDATA[- Successfully Shopify Website Page Opened]]>
            </line>
            <line>
              <![CDATA[- On Test Success]]>
            </line>
          </reporter-output>
        </test-method> <!-- shopify_website_page -->
        <test-method signature="widget_offer_page()[pri:2, instance:base.PumperAutomation@3cebbb30]" started-at="2025-01-12T11:15:37 IST" name="widget_offer_page" finished-at="2025-01-12T11:15:39 IST" duration-ms="1451" status="PASS">
          <reporter-output>
            <line>
              <![CDATA[- On Test Start]]>
            </line>
            <line>
              <![CDATA[- Successfully Widget Offer Page Opened]]>
            </line>
            <line>
              <![CDATA[- On Test Success]]>
            </line>
          </reporter-output>
        </test-method> <!-- widget_offer_page -->
        <test-method signature="pumper_widget_page()[pri:3, instance:base.PumperAutomation@3cebbb30]" started-at="2025-01-12T11:15:39 IST" name="pumper_widget_page" finished-at="2025-01-12T11:15:40 IST" duration-ms="1493" status="PASS">
          <reporter-output>
            <line>
              <![CDATA[- On Test Start]]>
            </line>
            <line>
              <![CDATA[- Successfully Pumper Widget Page Validate]]>
            </line>
            <line>
              <![CDATA[- On Test Success]]>
            </line>
          </reporter-output>
        </test-method> <!-- pumper_widget_page -->
        <test-method is-config="true" signature="close_browser()[pri:0, instance:base.PumperAutomation@3cebbb30]" started-at="2025-01-12T11:15:40 IST" name="close_browser" finished-at="2025-01-12T11:15:41 IST" duration-ms="864" status="PASS">
          <reporter-output>
            <line>
              <![CDATA[- Successfully Tear Down]]>
            </line>
          </reporter-output>
        </test-method> <!-- close_browser -->
      </class> <!-- base.PumperAutomation -->
    </test> <!-- Test -->
  </suite> <!-- Suite -->
</testng-results>
